Assembler report for leon3mp
Tue Dec 14 15:46:39 2010
Quartus II Version 7.1 Build 156 04/30/2007 SJ Full Version


---------------------
; Table of Contents ;
---------------------
  1. Legal Notice
  2. Assembler Summary
  3. Assembler Settings
  4. Assembler Generated Files
  5. Assembler Device Options: F:/projects/truth/truth/processor/grlib-gpl-1.1.0-b4104/grlib-gpl-1.1.0-b4104/designs/leon3-altera-ep2s60-ddr/leon3mp.sof
  6. Assembler Messages



----------------
; Legal Notice ;
----------------
Copyright (C) 1991-2007 Altera Corporation
Your use of Altera Corporation's design tools, logic functions 
and other software and tools, and its AMPP partner logic 
functions, and any output files from any of the foregoing 
(including device programming or simulation files), and any 
associated documentation or information are expressly subject 
to the terms and conditions of the Altera Program License 
Subscription Agreement, Altera MegaCore Function License 
Agreement, or other applicable license agreement, including, 
without limitation, that your use is for the sole purpose of 
programming logic devices manufactured by Altera and sold by 
Altera or its authorized distributors.  Please refer to the 
applicable agreement for further details.



+---------------------------------------------------------------+
; Assembler Summary                                             ;
+-----------------------+---------------------------------------+
; Assembler Status      ; Successful - Tue Dec 14 15:46:39 2010 ;
; Revision Name         ; leon3mp                               ;
; Top-level Entity Name ; leon3mp                               ;
; Family                ; Stratix II                            ;
; Device                ; EP2S60F672C3                          ;
+-----------------------+---------------------------------------+


+--------------------------------------------------------------------------------------------------------+
; Assembler Settings                                                                                     ;
+-----------------------------------------------------------------------------+----------+---------------+
; Option                                                                      ; Setting  ; Default Value ;
+-----------------------------------------------------------------------------+----------+---------------+
; Configuration device                                                        ; Epcs64   ; Auto          ;
; Generate Tabular Text File (.ttf) For Target Device                         ; On       ; Off           ;
; Generate Serial Vector Format File (.svf) for Target Device                 ; Off      ; Off           ;
; Generate a JEDEC STAPL Format File (.jam) for Target Device                 ; Off      ; Off           ;
; Generate a compressed Jam STAPL Byte Code 2.0 File (.jbc) for Target Device ; Off      ; Off           ;
; Generate a compressed Jam STAPL Byte Code 2.0 File (.jbc) for Target Device ; On       ; On            ;
; Generate compressed bitstreams                                              ; On       ; On            ;
; Compression mode                                                            ; Off      ; Off           ;
; Clock source for configuration device                                       ; Internal ; Internal      ;
; Clock frequency of the configuration device                                 ; 10 MHZ   ; 10 MHz        ;
; Divide clock frequency by                                                   ; 1        ; 1             ;
; JTAG user code for target device                                            ; Ffffffff ; Ffffffff      ;
; Auto user code                                                              ; Off      ; Off           ;
; JTAG user code for configuration device                                     ; Ffffffff ; Ffffffff      ;
; Configuration device auto user code                                         ; Off      ; Off           ;
; Generate Raw Binary File (.rbf) For Target Device                           ; Off      ; Off           ;
; Generate Hexadecimal (Intel-Format) Output File (.hexout) for Target Device ; Off      ; Off           ;
; Hexadecimal Output File start address                                       ; 0        ; 0             ;
; Hexadecimal Output File count direction                                     ; Up       ; Up            ;
; Release clears before tri-states                                            ; Off      ; Off           ;
; Auto-restart configuration after error                                      ; On       ; On            ;
; Maintain Compatibility with All Stratix II MRAM Versions                    ; Off      ; Off           ;
; Use smart compilation                                                       ; Off      ; Off           ;
+-----------------------------------------------------------------------------+----------+---------------+


+---------------------------------------------------------------------------------------------------------------------------+
; Assembler Generated Files                                                                                                 ;
+---------------------------------------------------------------------------------------------------------------------------+
; File Name                                                                                                                 ;
+---------------------------------------------------------------------------------------------------------------------------+
; F:/projects/truth/truth/processor/grlib-gpl-1.1.0-b4104/grlib-gpl-1.1.0-b4104/designs/leon3-altera-ep2s60-ddr/leon3mp.sof ;
; F:/projects/truth/truth/processor/grlib-gpl-1.1.0-b4104/grlib-gpl-1.1.0-b4104/designs/leon3-altera-ep2s60-ddr/leon3mp.ttf ;
+---------------------------------------------------------------------------------------------------------------------------+


+-----------------------------------------------------------------------------------------------------------------------------------------------------+
; Assembler Device Options: F:/projects/truth/truth/processor/grlib-gpl-1.1.0-b4104/grlib-gpl-1.1.0-b4104/designs/leon3-altera-ep2s60-ddr/leon3mp.sof ;
+----------------+------------------------------------------------------------------------------------------------------------------------------------+
; Option         ; Setting                                                                                                                            ;
+----------------+------------------------------------------------------------------------------------------------------------------------------------+
; Device         ; EP2S60F672C3                                                                                                                       ;
; JTAG usercode  ; 0xFFFFFFFF                                                                                                                         ;
; Checksum       ; 0x01FDC23D                                                                                                                         ;
+----------------+------------------------------------------------------------------------------------------------------------------------------------+


+--------------------+
; Assembler Messages ;
+--------------------+
Info: *******************************************************************
Info: Running Quartus II Assembler
    Info: Version 7.1 Build 156 04/30/2007 SJ Full Version
    Info: Processing started: Tue Dec 14 15:46:08 2010
Info: Command: quartus_asm --read_settings_files=off --write_settings_files=off leon3mp -c leon3mp
Info: Parallel compilation will use up to 2 processor(s)
Info: Writing out detailed assembly data for power analysis
Info: Assembler is generating device programming files
Info: Parallel compilation was enabled and used up to 1 processor(s) on your system out of a possible 2 processor(s) allowed
    Info: 100% of process time was spent using 1 processor
Info: Quartus II Assembler was successful. 0 errors, 0 warnings
    Info: Allocated 336 megabytes of memory during processing
    Info: Processing ended: Tue Dec 14 15:46:40 2010
    Info: Elapsed time: 00:00:32


